0 info it worked if it ends with ok
1 verbose cli [ 'node',
1 verbose cli   '/usr/local/bin/npm',
1 verbose cli   'install',
1 verbose cli   '-g',
1 verbose cli   'config/system/cli/' ]
2 info using npm@1.3.23
3 info using node@v0.10.24
4 verbose node symlink /usr/local/bin/node
5 verbose cache add [ 'config/system/cli/', null ]
6 verbose cache add name=undefined spec="config/system/cli/" args=["config/system/cli/",null]
7 verbose parsed url { protocol: null,
7 verbose parsed url   slashes: null,
7 verbose parsed url   auth: null,
7 verbose parsed url   host: null,
7 verbose parsed url   port: null,
7 verbose parsed url   hostname: null,
7 verbose parsed url   hash: null,
7 verbose parsed url   search: null,
7 verbose parsed url   query: null,
7 verbose parsed url   pathname: 'config/system/cli/',
7 verbose parsed url   path: 'config/system/cli/',
7 verbose parsed url   href: 'config/system/cli/' }
8 silly lockFile 3dc640a7-config-system-cli config/system/cli/
9 verbose lock config/system/cli/ /home/yonatan/.npm/3dc640a7-config-system-cli.lock
10 silly lockFile 3dc640a7-config-system-cli config/system/cli/
11 silly lockFile 3dc640a7-config-system-cli config/system/cli/
12 error addLocal Could not install config/system/cli/
13 error Error: ENOENT, stat 'config/system/cli/'
14 error If you need help, you may report this *entire* log,
14 error including the npm and node versions, at:
14 error     <http://github.com/isaacs/npm/issues>
15 error System Linux 3.5.0-40-generic
16 error command "node" "/usr/local/bin/npm" "install" "-g" "config/system/cli/"
17 error cwd /home/yonatan/Repos/linnovate/mean/modules/public
18 error node -v v0.10.24
19 error npm -v 1.3.23
20 error path config/system/cli/
21 error code ENOENT
22 error errno 34
23 verbose exit [ 34, true ]
